<?xml version="1.0" encoding="UTF-8"?>
<testsuite xmlns:xsi="http://www.w3.org/2001/XMLSchema-instance" xsi:noNamespaceSchemaLocation="https://maven.apache.org/surefire/maven-surefire-plugin/xsd/surefire-test-report-3.0.xsd" version="3.0" name="com.vickee.PayrollTest.AddEmployeeTest" time="36.732" tests="4" errors="0" skipped="0" failures="0">
  <properties>
[...]
</properties>
  <testcase name="testAddEmp1" classname="com.vickee.PayrollTest.AddEmployeeTest" time="13.201"/>
  <testcase name="testAddEmp2" classname="com.vickee.PayrollTest.AddEmployeeTest" time="6.968"/>
  <testcase name="testAddEmp3" classname="com.vickee.PayrollTest.AddEmployeeTest" time="8.26"/>
  <testcase name="testAddEmp4" classname="com.vickee.PayrollTest.AddEmployeeTest" time="8.275"/>
</testsuite>